{"name": "test_case4_logout_user[chromium]", "status": "failed", "statusDetails": {"message": "AssertionError: Locator expected to be visible\nActual value: None \nCall log:\nLocatorAssertions.to_be_visible with timeout 5000ms\nwaiting for locator(\"xpath=//a[text()=' Logged in as ']\")\nwaiting for locator(\"xpath=//a[text()=' Logged in as ']\")", "trace": "self = <test_login.TestAutomationExerciseLogin object at 0x000001CC9A470750>, test_before_each = None, page = <Page url='about:blank'>\n\n    @pytest.mark.one\n    def test_case4_logout_user(self, test_before_each, page):\n        \"\"\"Should test user logout\"\"\"\n        expect(self.page).to_be_visible()\n        self.registration.click_signup_login_button()\n        expect(self.login.header_login_to_your_account).to_be_visible()\n        self.login.fill_login_email(Data.login_email)\n        self.login.fill_login_password(Data.login_password)\n        self.login.click_login_button()\n>       expect(self.registration.text_logged_as_username).to_be_visible()\nE       AssertionError: Locator expected to be visible\nE       Actual value: None \nE       Call log:\nE       LocatorAssertions.to_be_visible with timeout 5000ms\nE       waiting for locator(\"xpath=//a[text()=' Logged in as ']\")\nE       waiting for locator(\"xpath=//a[text()=' Logged in as ']\")\n\ntests\\test_login.py:51: AssertionError"}, "description": "Should test user logout", "parameters": [{"name": "browser_name", "value": "'chromium'"}], "start": 1677581779828, "stop": 1677581786417, "uuid": "e28bd679-54cd-4df8-8736-f3ab402a0c62", "historyId": "29a5157036783ea7583142d3288b483a", "testCaseId": "faaa0e8a1bea4c63c2d6a29728d7fe06", "fullName": "tests.test_login.TestAutomationExerciseLogin#test_case4_logout_user", "labels": [{"name": "tag", "value": "one"}, {"name": "parentSuite", "value": "tests"}, {"name": "suite", "value": "test_login"}, {"name": "subSuite", "value": "TestAutomationExerciseLogin"}, {"name": "host", "value": "DESKTOP-9ICER92"}, {"name": "thread", "value": "14372-MainThread"}, {"name": "framework", "value": "pytest"}, {"name": "language", "value": "cpython3"}, {"name": "package", "value": "tests.test_login"}]}