{"name": "test_case9_search_products[chromium]", "status": "failed", "statusDetails": {"message": "AssertionError: Locator expected to be visible\nActual value: None \nCall log:\nLocatorAssertions.to_be_visible with timeout 5000ms\nwaiting for locator(\"xpath=//h2[text()='All Products']\")\nwaiting for locator(\"xpath=//h2[text()='All Products']\")", "trace": "self = <test_products.TestAutomationExerciseProducts object at 0x000001CC9A42C0D0>, test_before_each = None, page = <Page url='about:blank'>\n\n    def test_case9_search_products(self, test_before_each, page):\n        \"\"\"Should test search in products page\"\"\"\n        expect(self.page).to_be_visible()\n        self.products.click_products_button()\n>       expect(self.products.header_all_products).to_be_visible()\nE       AssertionError: Locator expected to be visible\nE       Actual value: None \nE       Call log:\nE       LocatorAssertions.to_be_visible with timeout 5000ms\nE       waiting for locator(\"xpath=//h2[text()='All Products']\")\nE       waiting for locator(\"xpath=//h2[text()='All Products']\")\n\ntests\\test_products.py:31: AssertionError"}, "description": "Should test search in products page", "parameters": [{"name": "browser_name", "value": "'chromium'"}], "start": 1677581807628, "stop": 1677581813265, "uuid": "27c2aced-77ce-4dd9-8fe4-8f16d0b9b6fd", "historyId": "fca24ecf424b108cc8d2ba89ea273f2d", "testCaseId": "061c1600f082bf5ad9d87394f9667c0f", "fullName": "tests.test_products.TestAutomationExerciseProducts#test_case9_search_products", "labels": [{"name": "parentSuite", "value": "tests"}, {"name": "suite", "value": "test_products"}, {"name": "subSuite", "value": "TestAutomationExerciseProducts"}, {"name": "host", "value": "DESKTOP-9ICER92"}, {"name": "thread", "value": "14372-MainThread"}, {"name": "framework", "value": "pytest"}, {"name": "language", "value": "cpython3"}, {"name": "package", "value": "tests.test_products"}]}