{"name": "test_case8_verify_products_page[chromium]", "status": "failed", "statusDetails": {"message": "AssertionError: Locator expected to be visible\nActual value: None \nCall log:\nLocatorAssertions.to_be_visible with timeout 5000ms\nwaiting for locator(\"xpath=//h2[text()='All Products']\")\nwaiting for locator(\"xpath=//h2[text()='All Products']\")", "trace": "self = <test_products.TestAutomationExerciseProducts object at 0x000001CC9A42C390>, test_before_each = None, page = <Page url='about:blank'>\n\n    def test_case8_verify_products_page(self, test_before_each, page):\n        \"\"\"Should verify test cases page\"\"\"\n        expect(self.page).to_be_visible()\n        self.products.click_products_button()\n>       expect(self.products.header_all_products).to_be_visible()\nE       AssertionError: Locator expected to be visible\nE       Actual value: None \nE       Call log:\nE       LocatorAssertions.to_be_visible with timeout 5000ms\nE       waiting for locator(\"xpath=//h2[text()='All Products']\")\nE       waiting for locator(\"xpath=//h2[text()='All Products']\")\n\ntests\\test_products.py:20: AssertionError"}, "description": "Should verify test cases page", "parameters": [{"name": "browser_name", "value": "'chromium'"}], "start": 1677581794166, "stop": 1677581799728, "uuid": "ed5def3a-842a-45ad-8731-8e5c7c5140f6", "historyId": "3d5dc019abe977ea6058f936367d546d", "testCaseId": "6fec80364fbfa1ba9258c4781c935476", "fullName": "tests.test_products.TestAutomationExerciseProducts#test_case8_verify_products_page", "labels": [{"name": "parentSuite", "value": "tests"}, {"name": "suite", "value": "test_products"}, {"name": "subSuite", "value": "TestAutomationExerciseProducts"}, {"name": "host", "value": "DESKTOP-9ICER92"}, {"name": "thread", "value": "14372-MainThread"}, {"name": "framework", "value": "pytest"}, {"name": "language", "value": "cpython3"}, {"name": "package", "value": "tests.test_products"}]}